<?xml version="1.0" encoding="UTF-8"?>
<testng-results ignored="0" total="1" passed="1" failed="0" skipped="0">
  <reporter-output>
  </reporter-output>
  <suite started-at="2024-03-20T16:00:13 IST" name="Surefire suite" finished-at="2024-03-20T16:00:14 IST" duration-ms="100">
    <groups>
    </groups>
    <test started-at="2024-03-20T16:00:13 IST" name="Surefire test" finished-at="2024-03-20T16:00:14 IST" duration-ms="100">
      <class name="project.TestingUI.AppTest">
        <test-method signature="shouldAnswerWithTrue()" started-at="2024-03-20T16:00:14 IST" name="shouldAnswerWithTrue" finished-at="2024-03-20T16:00:14 IST" duration-ms="15" status="PASS">
          <reporter-output>
          </reporter-output>
        </test-method> <!-- shouldAnswerWithTrue -->
      </class> <!-- project.TestingUI.AppTest -->
    </test> <!-- Surefire test -->
  </suite> <!-- Surefire suite -->
</testng-results>
