<?xml version="1.0" encoding="UTF-8"?>
<testng-results ignored="0" total="1" passed="1" failed="0" skipped="0">
  <reporter-output>
  </reporter-output>
  <suite started-at="2024-04-03T15:29:47 IST" name="Default suite" finished-at="2024-04-03T15:29:57 IST" duration-ms="10260">
    <groups>
    </groups>
    <test started-at="2024-04-03T15:29:47 IST" name="Default test" finished-at="2024-04-03T15:29:57 IST" duration-ms="10260">
      <class name="project.TestingUI.clickongoogledriver">
        <test-method signature="googledrive()[pri:0, instance:project.TestingUI.clickongoogledriver@6d4e5011]" started-at="2024-04-03T15:29:47 IST" name="googledrive" finished-at="2024-04-03T15:29:57 IST" duration-ms="10221" status="PASS">
          <reporter-output>
          </reporter-output>
        </test-method> <!-- googledrive -->
      </class> <!-- project.TestingUI.clickongoogledriver -->
    </test> <!-- Default test -->
  </suite> <!-- Default suite -->
</testng-results>
